<?xml version="1.0" encoding="UTF-8"?>
<!-- Generated by org.testng.reporters.JUnitReportReporter -->
<testsuite skipped="0" hostname="Ashan" name="app.nopcommerce.testCases.TC_004_SearchCustomerByEmail" tests="1" failures="0" timestamp="2020-09-04T13:08:46 IST" time="11.408" errors="0">
  <testcase name="searchCustomerbyEmail" time="11.408" classname="app.nopcommerce.testCases.TC_004_SearchCustomerByEmail"/>
  <system-out/>
</testsuite> <!-- app.nopcommerce.testCases.TC_004_SearchCustomerByEmail -->
