<?xml version="1.0" encoding="UTF-8"?>
<!-- Generated by org.testng.reporters.JUnitReportReporter -->
<testsuite skipped="0" hostname="Ashan" name="app.nopcommerce.testCases.TC_006_LoginDDT_with_Apachi_poi" tests="4" failures="0" timestamp="2020-09-04T13:08:46 IST" time="41.300" errors="0">
  <testcase name="loginTest" time="7.456" classname="app.nopcommerce.testCases.TC_006_LoginDDT_with_Apachi_poi"/>
  <system-out/>
  <testcase name="loginTest" time="8.261" classname="app.nopcommerce.testCases.TC_006_LoginDDT_with_Apachi_poi"/>
  <system-out/>
  <testcase name="loginTest" time="18.201" classname="app.nopcommerce.testCases.TC_006_LoginDDT_with_Apachi_poi"/>
  <system-out/>
  <testcase name="loginTest" time="7.382" classname="app.nopcommerce.testCases.TC_006_LoginDDT_with_Apachi_poi"/>
  <system-out/>
</testsuite> <!-- app.nopcommerce.testCases.TC_006_LoginDDT_with_Apachi_poi -->
