<?xml version="1.0" encoding="UTF-8"?>
<!-- Generated by org.testng.reporters.JUnitReportReporter -->
<testsuite skipped="0" hostname="Ashan" name="app.nopcommerce.testCases.TC_002_DataDrivenTest_Login_with_Fillo" tests="1" failures="0" timestamp="2020-09-04T13:08:46 IST" time="48.700" errors="0">
  <testcase name="DataDrivenLogin_loguot" time="48.700" classname="app.nopcommerce.testCases.TC_002_DataDrivenTest_Login_with_Fillo"/>
  <system-out/>
</testsuite> <!-- app.nopcommerce.testCases.TC_002_DataDrivenTest_Login_with_Fillo -->
