<?xml version="1.0" encoding="UTF-8"?>
<!-- Generated by org.testng.reporters.JUnitReportReporter -->
<testsuite skipped="0" hostname="Ashan" name="app.nopcommerce.testCases.TC_001_LoginTest" tests="1" failures="0" timestamp="2020-09-04T13:08:46 IST" time="13.317" errors="0">
  <testcase name="loginTest" time="13.317" classname="app.nopcommerce.testCases.TC_001_LoginTest"/>
  <system-out/>
</testsuite> <!-- app.nopcommerce.testCases.TC_001_LoginTest -->
